{
  "RSpec": {
    "coverage": {
      "/home/pozzer/Projetos/tratto-test/spec/lib/client_spec.rb": [
        1,
        1,
        null,
        1,
        null,
        6,
        null,
        1,
        1,
        1,
        1,
        null,
        null,
        null,
        1,
        1,
        2,
        null,
        null,
        null,
        null,
        1,
        1,
        1,
        1,
        null,
        null,
        1,
        1,
        2,
        null,
        null,
        null,
        null,
        null,
        1,
        1,
        1,
        null,
        null,
        null,
        null
      ],
      "/home/pozzer/Projetos/tratto-test/lib/client.rb": [
        1,
        1,
        1,
        1,
        37,
        null,
        null,
        1,
        26,
        null,
        null,
        1,
        2,
        2,
        2,
        2,
        2,
        1,
        null,
        null,
        null,
        1,
        30,
        11,
        7,
        null,
        null,
        null,
        null
      ],
      "/home/pozzer/Projetos/tratto-test/lib/wallet.rb": [
        1,
        1,
        1,
        null,
        1,
        1,
        79,
        null,
        null,
        1,
        7,
        4,
        null,
        null,
        1,
        3,
        null,
        null,
        1,
        5,
        null,
        null
      ],
      "/home/pozzer/Projetos/tratto-test/lib/wallet_conversion.rb": [
        1,
        1,
        null,
        1,
        18,
        null,
        null,
        1,
        15,
        null,
        null,
        1,
        21,
        null,
        null
      ],
      "/home/pozzer/Projetos/tratto-test/spec/lib/file_parser_spec.rb": [
        1,
        1,
        null,
        1,
        null,
        1,
        1,
        1,
        null,
        null,
        null,
        1,
        1,
        null,
        1,
        1,
        1,
        null,
        null,
        1,
        1,
        1,
        1,
        null,
        null,
        null,
        null,
        null,
        null,
        null
      ],
      "/home/pozzer/Projetos/tratto-test/lib/file_parser.rb": [
        1,
        1,
        1,
        1,
        null,
        1,
        10,
        10,
        60,
        60,
        null,
        10,
        null,
        null,
        1,
        null,
        1,
        63,
        154,
        63,
        31,
        null,
        null,
        32,
        null,
        null,
        null,
        null
      ],
      "/home/pozzer/Projetos/tratto-test/spec/lib/wallet_central_spec.rb": [
        1,
        1,
        1,
        1,
        null,
        1,
        null,
        10,
        null,
        1,
        1,
        1,
        1,
        null,
        null,
        null,
        1,
        1,
        2,
        null,
        null,
        null,
        1,
        1,
        2,
        null,
        null,
        null,
        null,
        1,
        1,
        1,
        1,
        null,
        null,
        1,
        1,
        null,
        null,
        null,
        1,
        1,
        1,
        null,
        null,
        null,
        null,
        1,
        1,
        1,
        1,
        null,
        null,
        null,
        1,
        1,
        2,
        null,
        null,
        null,
        null,
        1,
        1,
        1,
        1,
        1,
        1,
        1,
        1,
        1,
        null,
        null,
        null,
        null
      ],
      "/home/pozzer/Projetos/tratto-test/lib/wallet_central.rb": [
        1,
        1,
        9,
        null,
        null,
        null,
        1,
        3,
        3,
        2,
        2,
        1,
        2,
        2,
        null,
        null,
        null,
        1,
        3,
        3,
        2,
        2,
        null,
        null,
        null,
        1,
        null,
        1,
        3,
        2,
        null,
        null,
        1,
        33,
        12,
        9,
        null,
        null,
        null
      ],
      "/home/pozzer/Projetos/tratto-test/spec/lib/wallet_conversion_spec.rb": [
        1,
        1,
        null,
        1,
        null,
        16,
        null,
        1,
        1,
        1,
        1,
        null,
        1,
        1,
        null,
        1,
        1,
        null,
        null,
        null,
        null,
        1,
        1,
        1,
        1,
        null,
        1,
        1,
        null,
        1,
        1,
        null,
        null,
        null,
        1,
        1,
        1,
        null,
        1,
        1,
        null,
        null,
        1,
        1,
        null,
        null,
        null,
        1,
        1,
        1,
        null,
        1,
        1,
        null,
        null,
        1,
        1,
        null,
        null,
        null,
        1,
        1,
        1,
        1,
        null,
        null,
        1,
        1,
        1,
        null,
        null,
        1,
        1,
        1,
        null,
        null,
        null,
        null,
        null
      ],
      "/home/pozzer/Projetos/tratto-test/spec/lib/wallet_spec.rb": [
        1,
        1,
        1,
        null,
        6,
        2,
        null,
        1,
        1,
        1,
        null,
        null,
        1,
        2,
        null,
        null,
        null,
        1,
        1,
        1,
        1,
        null,
        null,
        null,
        1,
        1,
        1,
        1,
        null,
        null,
        1,
        2,
        null,
        null,
        null,
        null
      ],
      "/home/pozzer/Projetos/tratto-test/spec/spec_helper.rb": [
        null,
        null,
        null,
        null,
        null,
        null,
        null,
        null,
        null,
        null,
        null,
        null,
        null,
        null,
        null,
        null,
        1,
        1,
        null,
        1,
        null,
        null,
        null,
        1,
        null,
        null,
        null,
        null,
        null,
        null,
        null,
        1,
        null,
        null,
        null,
        null,
        1,
        null,
        null,
        null,
        1,
        null,
        null,
        null,
        null,
        null,
        null,
        null,
        null,
        null,
        null,
        null,
        null,
        null,
        null,
        null,
        null,
        null,
        null,
        null,
        null,
        null,
        null,
        null,
        null,
        null,
        null,
        null,
        null,
        null,
        null,
        null,
        null,
        null,
        null,
        null,
        null,
        null,
        null,
        null,
        null,
        null,
        null,
        null,
        null,
        null,
        null,
        null,
        null,
        null,
        null,
        null
      ]
    },
    "timestamp": 1517950258
  }
}
